<?xml version="1.0" encoding="UTF-8"?>
<testng-results ignored="0" total="1" passed="1" failed="0" skipped="0">
  <reporter-output>
  </reporter-output>
  <suite started-at="2024-07-06T21:50:19 IST" name="Default suite" finished-at="2024-07-06T21:50:24 IST" duration-ms="4820">
    <groups>
    </groups>
    <test started-at="2024-07-06T21:50:19 IST" name="Default test" finished-at="2024-07-06T21:50:24 IST" duration-ms="4820">
      <class name="Files.Java_Script_Executor">
        <test-method is-config="true" signature="bt()[pri:0, instance:Files.Java_Script_Executor@1530c739]" started-at="2024-07-06T21:50:19 IST" name="bt" finished-at="2024-07-06T21:50:24 IST" duration-ms="4442" status="PASS">
          <reporter-output>
          </reporter-output>
        </test-method> <!-- bt -->
        <test-method signature="main()[pri:0, instance:Files.Java_Script_Executor@1530c739]" started-at="2024-07-06T21:50:24 IST" name="main" finished-at="2024-07-06T21:50:24 IST" duration-ms="282" status="PASS">
          <reporter-output>
          </reporter-output>
        </test-method> <!-- main -->
        <test-method is-config="true" signature="at()[pri:0, instance:Files.Java_Script_Executor@1530c739]" started-at="2024-07-06T21:50:24 IST" name="at" finished-at="2024-07-06T21:50:24 IST" duration-ms="1" status="PASS">
          <reporter-output>
          </reporter-output>
        </test-method> <!-- at -->
      </class> <!-- Files.Java_Script_Executor -->
    </test> <!-- Default test -->
  </suite> <!-- Default suite -->
</testng-results>
